<?xml version="1.0" encoding="UTF-8"?>
<testng-results ignored="0" total="1" passed="1" failed="0" skipped="0">
  <reporter-output>
  </reporter-output>
  <suite started-at="2025-07-12T17:03:10 IST" name="Default suite" finished-at="2025-07-12T17:03:16 IST" duration-ms="5936">
    <groups>
    </groups>
    <test started-at="2025-07-12T17:03:10 IST" name="Default test" finished-at="2025-07-12T17:03:16 IST" duration-ms="5936">
      <class name="sauceDemoApplication.testCases.LoginTest">
        <test-method is-config="true" signature="setup()[pri:0, instance:sauceDemoApplication.testCases.LoginTest@24269709]" started-at="2025-07-12T17:03:10 IST" name="setup" finished-at="2025-07-12T17:03:14 IST" duration-ms="3934" status="PASS">
          <reporter-output>
          </reporter-output>
        </test-method> <!-- setup -->
        <test-method signature="login()[pri:0, instance:sauceDemoApplication.testCases.LoginTest@24269709]" started-at="2025-07-12T17:03:14 IST" name="login" finished-at="2025-07-12T17:03:16 IST" duration-ms="1941" status="PASS">
          <reporter-output>
          </reporter-output>
        </test-method> <!-- login -->
      </class> <!-- sauceDemoApplication.testCases.LoginTest -->
    </test> <!-- Default test -->
  </suite> <!-- Default suite -->
</testng-results>
