<?xml version="1.0" encoding="UTF-8"?>
<testng-results ignored="0" total="3" passed="3" failed="0" skipped="0">
  <reporter-output>
  </reporter-output>
  <suite started-at="2025-07-13T04:06:36 IST" name="Suite" finished-at="2025-07-13T04:06:50 IST" duration-ms="14192">
    <groups>
    </groups>
    <test started-at="2025-07-13T04:06:36 IST" name="EdgeTest" finished-at="2025-07-13T04:06:46 IST" duration-ms="9460">
      <class name="sauceDemoApplication.testCases.LoginTest">
        <test-method is-config="true" signature="setup(java.lang.String,java.lang.String)[pri:0, instance:sauceDemoApplication.testCases.LoginTest@4e50c791]" started-at="2025-07-13T04:06:36 IST" name="setup" finished-at="2025-07-13T04:06:44 IST" duration-ms="7954" status="PASS">
          <params>
            <param index="0">
              <value>
                <![CDATA[window]]>
              </value>
            </param>
            <param index="1">
              <value>
                <![CDATA[edge]]>
              </value>
            </param>
          </params>
          <reporter-output>
          </reporter-output>
        </test-method> <!-- setup -->
        <test-method signature="login()[pri:0, instance:sauceDemoApplication.testCases.LoginTest@4e50c791]" started-at="2025-07-13T04:06:44 IST" name="login" finished-at="2025-07-13T04:06:45 IST" duration-ms="839" status="PASS">
          <reporter-output>
          </reporter-output>
        </test-method> <!-- login -->
        <test-method is-config="true" signature="closure()[pri:0, instance:sauceDemoApplication.testCases.LoginTest@4e50c791]" started-at="2025-07-13T04:06:45 IST" name="closure" finished-at="2025-07-13T04:06:46 IST" duration-ms="623" status="PASS">
          <reporter-output>
          </reporter-output>
        </test-method> <!-- closure -->
      </class> <!-- sauceDemoApplication.testCases.LoginTest -->
    </test> <!-- EdgeTest -->
    <test started-at="2025-07-13T04:06:36 IST" name="ChromeTest" finished-at="2025-07-13T04:06:46 IST" duration-ms="9734">
      <class name="sauceDemoApplication.testCases.LoginTest">
        <test-method is-config="true" signature="setup(java.lang.String,java.lang.String)[pri:0, instance:sauceDemoApplication.testCases.LoginTest@55fe41ea]" started-at="2025-07-13T04:06:36 IST" name="setup" finished-at="2025-07-13T04:06:43 IST" duration-ms="6970" status="PASS">
          <params>
            <param index="0">
              <value>
                <![CDATA[window]]>
              </value>
            </param>
            <param index="1">
              <value>
                <![CDATA[chrome]]>
              </value>
            </param>
          </params>
          <reporter-output>
          </reporter-output>
        </test-method> <!-- setup -->
        <test-method signature="login()[pri:0, instance:sauceDemoApplication.testCases.LoginTest@55fe41ea]" started-at="2025-07-13T04:06:43 IST" name="login" finished-at="2025-07-13T04:06:45 IST" duration-ms="2178" status="PASS">
          <reporter-output>
          </reporter-output>
        </test-method> <!-- login -->
        <test-method is-config="true" signature="closure()[pri:0, instance:sauceDemoApplication.testCases.LoginTest@55fe41ea]" started-at="2025-07-13T04:06:45 IST" name="closure" finished-at="2025-07-13T04:06:46 IST" duration-ms="529" status="PASS">
          <reporter-output>
          </reporter-output>
        </test-method> <!-- closure -->
      </class> <!-- sauceDemoApplication.testCases.LoginTest -->
    </test> <!-- ChromeTest -->
    <test started-at="2025-07-13T04:06:36 IST" name="FirefoxTest" finished-at="2025-07-13T04:06:50 IST" duration-ms="14192">
      <class name="sauceDemoApplication.testCases.LoginTest">
        <test-method is-config="true" signature="setup(java.lang.String,java.lang.String)[pri:0, instance:sauceDemoApplication.testCases.LoginTest@58a9760d]" started-at="2025-07-13T04:06:36 IST" name="setup" finished-at="2025-07-13T04:06:48 IST" duration-ms="12019" status="PASS">
          <params>
            <param index="0">
              <value>
                <![CDATA[window]]>
              </value>
            </param>
            <param index="1">
              <value>
                <![CDATA[firefox]]>
              </value>
            </param>
          </params>
          <reporter-output>
          </reporter-output>
        </test-method> <!-- setup -->
        <test-method signature="login()[pri:0, instance:sauceDemoApplication.testCases.LoginTest@58a9760d]" started-at="2025-07-13T04:06:48 IST" name="login" finished-at="2025-07-13T04:06:49 IST" duration-ms="742" status="PASS">
          <reporter-output>
          </reporter-output>
        </test-method> <!-- login -->
        <test-method is-config="true" signature="closure()[pri:0, instance:sauceDemoApplication.testCases.LoginTest@58a9760d]" started-at="2025-07-13T04:06:49 IST" name="closure" finished-at="2025-07-13T04:06:50 IST" duration-ms="1393" status="PASS">
          <reporter-output>
          </reporter-output>
        </test-method> <!-- closure -->
      </class> <!-- sauceDemoApplication.testCases.LoginTest -->
    </test> <!-- FirefoxTest -->
  </suite> <!-- Suite -->
</testng-results>
